----------------------------------------ARGUMENTS----------------------------------------
data_dir                                 ./data/sports/
model_version                            0
task_num                                 3
prompt_num                               10
lr                                       0.001
epochs                                   100
batch_size                               64
cuda                                     True
log_interval                             200
checkpoint                               ./checkpoint/sports/
endure_times                             5
exp_len                                  20
negative_num                             99
----------------------------------------ARGUMENTS----------------------------------------
[2023-05-17 22:09:31.468969]: Loading data
[2023-05-17 22:10:31.969588]: Start training
[2023-05-17 22:10:31.969857]: epoch 1
[2023-05-17 22:11:31.848444]: text loss 2.7709 |   200/ 3572 batches
[2023-05-17 22:12:30.878657]: text loss 2.4351 |   400/ 3572 batches
[2023-05-17 22:13:29.620594]: text loss 2.3914 |   600/ 3572 batches
[2023-05-17 22:14:27.619786]: text loss 2.3872 |   800/ 3572 batches
[2023-05-17 22:15:26.261068]: text loss 2.3610 |  1000/ 3572 batches
[2023-05-17 22:16:24.430148]: text loss 2.3432 |  1200/ 3572 batches
[2023-05-17 22:17:21.930735]: text loss 2.3190 |  1400/ 3572 batches
[2023-05-17 22:18:19.931019]: text loss 2.3223 |  1600/ 3572 batches
[2023-05-17 22:19:18.635961]: text loss 2.3141 |  1800/ 3572 batches
[2023-05-17 22:20:16.585005]: text loss 2.2956 |  2000/ 3572 batches
[2023-05-17 22:21:15.572887]: text loss 2.2970 |  2200/ 3572 batches
[2023-05-17 22:22:15.129262]: text loss 2.2715 |  2400/ 3572 batches
[2023-05-17 22:23:14.190378]: text loss 2.2825 |  2600/ 3572 batches
[2023-05-17 22:24:13.568685]: text loss 2.2873 |  2800/ 3572 batches
[2023-05-17 22:25:12.689232]: text loss 2.2462 |  3000/ 3572 batches
[2023-05-17 22:26:11.112945]: text loss 2.2521 |  3200/ 3572 batches
[2023-05-17 22:27:10.279522]: text loss 2.2587 |  3400/ 3572 batches
[2023-05-17 22:28:00.518650]: text loss 2.2366 |  3572/ 3572 batches
[2023-05-17 22:28:00.519876]: validation
[2023-05-17 22:28:06.941508]: explanation loss 2.6736
[2023-05-17 22:28:35.688775]: sequential loss 2.4227
[2023-05-17 22:31:32.043365]: top-N loss 1.5052
[2023-05-17 22:31:32.043813]: total loss 2.2005
[2023-05-17 22:31:32.878329]: epoch 2
[2023-05-17 22:31:41.521440]: text loss 2.2263 |  3600/ 3572 batches
[2023-05-17 22:32:39.973804]: text loss 2.2457 |  3800/ 3572 batches
[2023-05-17 22:33:39.207816]: text loss 2.2414 |  4000/ 3572 batches
[2023-05-17 22:34:38.884972]: text loss 2.2345 |  4200/ 3572 batches
[2023-05-17 22:35:37.955925]: text loss 2.2313 |  4400/ 3572 batches
[2023-05-17 22:36:37.017171]: text loss 2.2341 |  4600/ 3572 batches
[2023-05-17 22:37:36.069850]: text loss 2.2139 |  4800/ 3572 batches
[2023-05-17 22:38:34.278983]: text loss 2.2130 |  5000/ 3572 batches
[2023-05-17 22:39:33.261784]: text loss 2.2095 |  5200/ 3572 batches
[2023-05-17 22:40:32.264397]: text loss 2.2132 |  5400/ 3572 batches
[2023-05-17 22:41:30.448969]: text loss 2.2141 |  5600/ 3572 batches
[2023-05-17 22:42:28.142675]: text loss 2.2077 |  5800/ 3572 batches
[2023-05-17 22:43:26.184603]: text loss 2.2088 |  6000/ 3572 batches
[2023-05-17 22:44:23.663936]: text loss 2.2267 |  6200/ 3572 batches
[2023-05-17 22:45:21.686528]: text loss 2.1934 |  6400/ 3572 batches
[2023-05-17 22:46:20.815307]: text loss 2.1976 |  6600/ 3572 batches
[2023-05-17 22:47:19.448048]: text loss 2.1974 |  6800/ 3572 batches
[2023-05-17 22:48:18.669541]: text loss 2.1998 |  7000/ 3572 batches
[2023-05-17 22:49:00.897211]: text loss 2.2140 |  7144/ 3572 batches
[2023-05-17 22:49:00.898060]: validation
[2023-05-17 22:49:07.346859]: explanation loss 2.5967
[2023-05-17 22:49:36.401388]: sequential loss 2.3972
[2023-05-17 22:52:31.498697]: top-N loss 1.4589
[2023-05-17 22:52:31.499960]: total loss 2.1509
[2023-05-17 22:52:32.618831]: epoch 3
[2023-05-17 22:52:49.240396]: text loss 2.1996 |  7200/ 3572 batches
[2023-05-17 22:53:47.432404]: text loss 2.2210 |  7400/ 3572 batches
[2023-05-17 22:54:46.541377]: text loss 2.1583 |  7600/ 3572 batches
[2023-05-17 22:55:45.602827]: text loss 2.1812 |  7800/ 3572 batches
[2023-05-17 22:56:44.116034]: text loss 2.1756 |  8000/ 3572 batches
[2023-05-17 22:57:42.953223]: text loss 2.1708 |  8200/ 3572 batches
[2023-05-17 22:58:41.904869]: text loss 2.1760 |  8400/ 3572 batches
[2023-05-17 22:59:40.734045]: text loss 2.1638 |  8600/ 3572 batches
[2023-05-17 23:00:40.293374]: text loss 2.1694 |  8800/ 3572 batches
[2023-05-17 23:01:39.529082]: text loss 2.1643 |  9000/ 3572 batches
[2023-05-17 23:02:37.872080]: text loss 2.1617 |  9200/ 3572 batches
[2023-05-17 23:03:36.325120]: text loss 2.1625 |  9400/ 3572 batches
[2023-05-17 23:04:34.955401]: text loss 2.1817 |  9600/ 3572 batches
[2023-05-17 23:05:33.107638]: text loss 2.1701 |  9800/ 3572 batches
[2023-05-17 23:06:31.893141]: text loss 2.1517 | 10000/ 3572 batches
[2023-05-17 23:07:30.811990]: text loss 2.1455 | 10200/ 3572 batches
[2023-05-17 23:08:29.315449]: text loss 2.1535 | 10400/ 3572 batches
[2023-05-17 23:09:27.893034]: text loss 2.1474 | 10600/ 3572 batches
[2023-05-17 23:10:02.180256]: text loss 2.1501 | 10716/ 3572 batches
[2023-05-17 23:10:02.181343]: validation
[2023-05-17 23:10:08.608161]: explanation loss 2.5638
[2023-05-17 23:10:36.746120]: sequential loss 2.3735
[2023-05-17 23:13:23.310853]: top-N loss 1.4340
[2023-05-17 23:13:23.311199]: total loss 2.1238
[2023-05-17 23:13:24.099717]: epoch 4
[2023-05-17 23:13:47.909930]: text loss 2.1523 | 10800/ 3572 batches
[2023-05-17 23:14:46.136514]: text loss 2.1582 | 11000/ 3572 batches
[2023-05-17 23:15:44.945910]: text loss 2.1588 | 11200/ 3572 batches
[2023-05-17 23:16:43.926966]: text loss 2.1610 | 11400/ 3572 batches
[2023-05-17 23:17:42.341245]: text loss 2.1653 | 11600/ 3572 batches
[2023-05-17 23:18:41.288781]: text loss 2.1365 | 11800/ 3572 batches
[2023-05-17 23:19:40.205244]: text loss 2.1421 | 12000/ 3572 batches
[2023-05-17 23:20:38.045709]: text loss 2.1347 | 12200/ 3572 batches
[2023-05-17 23:21:37.232570]: text loss 2.1408 | 12400/ 3572 batches
[2023-05-17 23:22:36.449941]: text loss 2.1329 | 12600/ 3572 batches
[2023-05-17 23:23:34.859113]: text loss 2.1438 | 12800/ 3572 batches
[2023-05-17 23:24:34.332181]: text loss 2.1415 | 13000/ 3572 batches
[2023-05-17 23:25:33.849105]: text loss 2.1428 | 13200/ 3572 batches
[2023-05-17 23:26:32.479364]: text loss 2.1487 | 13400/ 3572 batches
[2023-05-17 23:27:31.467385]: text loss 2.1347 | 13600/ 3572 batches
[2023-05-17 23:28:30.795407]: text loss 2.1326 | 13800/ 3572 batches
[2023-05-17 23:29:29.572264]: text loss 2.1353 | 14000/ 3572 batches
[2023-05-17 23:30:28.398510]: text loss 2.1305 | 14200/ 3572 batches
[2023-05-17 23:30:54.086764]: text loss 2.1318 | 14288/ 3572 batches
[2023-05-17 23:30:54.087768]: validation
[2023-05-17 23:31:00.487447]: explanation loss 2.5456
[2023-05-17 23:31:29.322336]: sequential loss 2.3636
[2023-05-17 23:34:25.273102]: top-N loss 1.4125
[2023-05-17 23:34:25.273470]: total loss 2.1072
[2023-05-17 23:34:26.140488]: epoch 5
[2023-05-17 23:34:59.193702]: text loss 2.1253 | 14400/ 3572 batches
[2023-05-17 23:35:57.907208]: text loss 2.1217 | 14600/ 3572 batches
[2023-05-17 23:36:57.694234]: text loss 2.1187 | 14800/ 3572 batches
[2023-05-17 23:37:57.163631]: text loss 2.1059 | 15000/ 3572 batches
[2023-05-17 23:38:56.725058]: text loss 2.1176 | 15200/ 3572 batches
[2023-05-17 23:39:55.968880]: text loss 2.0993 | 15400/ 3572 batches
[2023-05-17 23:40:55.277093]: text loss 2.1125 | 15600/ 3572 batches
[2023-05-17 23:41:53.805991]: text loss 2.1223 | 15800/ 3572 batches
[2023-05-17 23:42:53.003329]: text loss 2.1184 | 16000/ 3572 batches
[2023-05-17 23:43:51.651542]: text loss 2.0990 | 16200/ 3572 batches
[2023-05-17 23:44:49.675357]: text loss 2.1041 | 16400/ 3572 batches
[2023-05-17 23:45:48.419765]: text loss 2.1166 | 16600/ 3572 batches
[2023-05-17 23:46:47.545753]: text loss 2.0962 | 16800/ 3572 batches
[2023-05-17 23:47:46.007692]: text loss 2.1072 | 17000/ 3572 batches
[2023-05-17 23:48:45.970873]: text loss 2.1111 | 17200/ 3572 batches
[2023-05-17 23:49:45.274505]: text loss 2.0916 | 17400/ 3572 batches
[2023-05-17 23:50:43.756961]: text loss 2.1047 | 17600/ 3572 batches
[2023-05-17 23:51:42.698971]: text loss 2.1021 | 17800/ 3572 batches
[2023-05-17 23:52:00.387689]: text loss 2.0916 | 17860/ 3572 batches
[2023-05-17 23:52:00.388573]: validation
[2023-05-17 23:52:06.795627]: explanation loss 2.5294
[2023-05-17 23:52:35.741025]: sequential loss 2.3506
[2023-05-17 23:55:31.719020]: top-N loss 1.3856
[2023-05-17 23:55:31.719419]: total loss 2.0886
[2023-05-17 23:55:32.537553]: epoch 6
[2023-05-17 23:56:13.740898]: text loss 2.0958 | 18000/ 3572 batches
[2023-05-17 23:57:11.893471]: text loss 2.0795 | 18200/ 3572 batches
[2023-05-17 23:58:10.796633]: text loss 2.1018 | 18400/ 3572 batches
[2023-05-17 23:59:09.550262]: text loss 2.1035 | 18600/ 3572 batches
[2023-05-18 00:00:08.121040]: text loss 2.0944 | 18800/ 3572 batches
[2023-05-18 00:01:07.682767]: text loss 2.0872 | 19000/ 3572 batches
[2023-05-18 00:02:07.152748]: text loss 2.1005 | 19200/ 3572 batches
[2023-05-18 00:03:05.898732]: text loss 2.0893 | 19400/ 3572 batches
[2023-05-18 00:04:04.751356]: text loss 2.0975 | 19600/ 3572 batches
[2023-05-18 00:05:04.032632]: text loss 2.0722 | 19800/ 3572 batches
[2023-05-18 00:06:02.581602]: text loss 2.1028 | 20000/ 3572 batches
[2023-05-18 00:07:01.517910]: text loss 2.0861 | 20200/ 3572 batches
[2023-05-18 00:08:00.353038]: text loss 2.0801 | 20400/ 3572 batches
[2023-05-18 00:08:58.691852]: text loss 2.0921 | 20600/ 3572 batches
[2023-05-18 00:09:57.448231]: text loss 2.0967 | 20800/ 3572 batches
[2023-05-18 00:10:56.242127]: text loss 2.0968 | 21000/ 3572 batches
[2023-05-18 00:11:54.494373]: text loss 2.1021 | 21200/ 3572 batches
[2023-05-18 00:12:53.572056]: text loss 2.0907 | 21400/ 3572 batches
[2023-05-18 00:13:03.365855]: text loss 2.0897 | 21432/ 3572 batches
[2023-05-18 00:13:03.367141]: validation
[2023-05-18 00:13:09.810658]: explanation loss 2.5214
[2023-05-18 00:13:39.304182]: sequential loss 2.3398
[2023-05-18 00:16:35.949640]: top-N loss 1.3546
[2023-05-18 00:16:35.949928]: total loss 2.0719
[2023-05-18 00:16:36.775010]: epoch 7
[2023-05-18 00:17:25.937359]: text loss 2.0888 | 21600/ 3572 batches
[2023-05-18 00:18:24.206165]: text loss 2.0962 | 21800/ 3572 batches
[2023-05-18 00:19:22.651720]: text loss 2.0819 | 22000/ 3572 batches
[2023-05-18 00:20:21.421348]: text loss 2.0786 | 22200/ 3572 batches
[2023-05-18 00:21:19.969706]: text loss 2.0691 | 22400/ 3572 batches
[2023-05-18 00:22:18.391306]: text loss 2.0625 | 22600/ 3572 batches
[2023-05-18 00:23:17.030505]: text loss 2.0762 | 22800/ 3572 batches
[2023-05-18 00:24:15.029910]: text loss 2.0713 | 23000/ 3572 batches
[2023-05-18 00:25:13.816676]: text loss 2.0608 | 23200/ 3572 batches
[2023-05-18 00:26:13.338711]: text loss 2.0573 | 23400/ 3572 batches
[2023-05-18 00:27:11.963818]: text loss 2.0579 | 23600/ 3572 batches
[2023-05-18 00:28:10.848624]: text loss 2.0566 | 23800/ 3572 batches
[2023-05-18 00:29:09.951468]: text loss 2.0516 | 24000/ 3572 batches
[2023-05-18 00:30:08.378089]: text loss 2.0782 | 24200/ 3572 batches
[2023-05-18 00:31:07.509535]: text loss 2.0511 | 24400/ 3572 batches
[2023-05-18 00:32:06.767612]: text loss 2.0495 | 24600/ 3572 batches
[2023-05-18 00:33:05.085702]: text loss 2.0680 | 24800/ 3572 batches
[2023-05-18 00:34:04.096160]: text loss 2.0597 | 25000/ 3572 batches
[2023-05-18 00:34:05.153804]: text loss 2.2401 | 25004/ 3572 batches
[2023-05-18 00:34:05.154981]: validation
[2023-05-18 00:34:11.541222]: explanation loss 2.5132
[2023-05-18 00:34:40.918623]: sequential loss 2.3244
[2023-05-18 00:37:36.471094]: top-N loss 1.3370
[2023-05-18 00:37:36.471404]: total loss 2.0582
[2023-05-18 00:37:37.426198]: epoch 8
[2023-05-18 00:38:35.710203]: text loss 2.0432 | 25200/ 3572 batches
[2023-05-18 00:39:35.156007]: text loss 2.0531 | 25400/ 3572 batches
[2023-05-18 00:40:34.206967]: text loss 2.0417 | 25600/ 3572 batches
[2023-05-18 00:41:33.379149]: text loss 2.0503 | 25800/ 3572 batches
[2023-05-18 00:42:31.799423]: text loss 2.0522 | 26000/ 3572 batches
[2023-05-18 00:43:30.530318]: text loss 2.0501 | 26200/ 3572 batches
[2023-05-18 00:44:29.625236]: text loss 2.0361 | 26400/ 3572 batches
[2023-05-18 00:45:28.045010]: text loss 2.0626 | 26600/ 3572 batches
[2023-05-18 00:46:26.799429]: text loss 2.0467 | 26800/ 3572 batches
[2023-05-18 00:47:25.586822]: text loss 2.0546 | 27000/ 3572 batches
[2023-05-18 00:48:23.891299]: text loss 2.0504 | 27200/ 3572 batches
[2023-05-18 00:49:22.535762]: text loss 2.0426 | 27400/ 3572 batches
[2023-05-18 00:50:21.414022]: text loss 2.0489 | 27600/ 3572 batches
[2023-05-18 00:51:20.587313]: text loss 2.0501 | 27800/ 3572 batches
[2023-05-18 00:52:20.195282]: text loss 2.0481 | 28000/ 3572 batches
[2023-05-18 00:53:18.992720]: text loss 2.0352 | 28200/ 3572 batches
[2023-05-18 00:54:17.669817]: text loss 2.0563 | 28400/ 3572 batches
[2023-05-18 00:55:09.454647]: text loss 2.0435 | 28576/ 3572 batches
[2023-05-18 00:55:09.455607]: validation
[2023-05-18 00:55:15.872682]: explanation loss 2.5053
[2023-05-18 00:55:44.660101]: sequential loss 2.3152
[2023-05-18 00:58:39.314316]: top-N loss 1.3192
[2023-05-18 00:58:39.314658]: total loss 2.0466
[2023-05-18 00:58:40.145478]: epoch 9
[2023-05-18 00:58:47.149689]: text loss 2.0335 | 28600/ 3572 batches
[2023-05-18 00:59:45.953259]: text loss 2.0515 | 28800/ 3572 batches
[2023-05-18 01:00:44.249079]: text loss 2.0448 | 29000/ 3572 batches
[2023-05-18 01:01:42.929487]: text loss 2.0430 | 29200/ 3572 batches
[2023-05-18 01:02:42.016033]: text loss 2.0352 | 29400/ 3572 batches
[2023-05-18 01:03:41.024252]: text loss 2.0327 | 29600/ 3572 batches
[2023-05-18 01:04:40.441055]: text loss 2.0321 | 29800/ 3572 batches
[2023-05-18 01:05:39.314816]: text loss 2.0224 | 30000/ 3572 batches
[2023-05-18 01:06:37.947772]: text loss 2.0228 | 30200/ 3572 batches
[2023-05-18 01:07:37.010210]: text loss 2.0178 | 30400/ 3572 batches
[2023-05-18 01:08:35.574362]: text loss 2.0128 | 30600/ 3572 batches
[2023-05-18 01:09:34.205662]: text loss 2.0408 | 30800/ 3572 batches
[2023-05-18 01:10:32.995173]: text loss 2.0163 | 31000/ 3572 batches
[2023-05-18 01:11:32.074757]: text loss 2.0175 | 31200/ 3572 batches
[2023-05-18 01:12:29.810764]: text loss 2.0318 | 31400/ 3572 batches
[2023-05-18 01:13:28.061519]: text loss 2.0150 | 31600/ 3572 batches
[2023-05-18 01:14:26.069606]: text loss 2.0120 | 31800/ 3572 batches
[2023-05-18 01:15:23.673634]: text loss 2.0116 | 32000/ 3572 batches
[2023-05-18 01:16:07.479831]: text loss 2.0203 | 32148/ 3572 batches
[2023-05-18 01:16:07.481360]: validation
[2023-05-18 01:16:13.958136]: explanation loss 2.5041
[2023-05-18 01:16:42.996420]: sequential loss 2.3049
[2023-05-18 01:19:34.285985]: top-N loss 1.3042
[2023-05-18 01:19:34.286309]: total loss 2.0377
[2023-05-18 01:19:35.100752]: epoch 10
[2023-05-18 01:19:49.855182]: text loss 2.0350 | 32200/ 3572 batches
[2023-05-18 01:20:47.596145]: text loss 2.0165 | 32400/ 3572 batches
[2023-05-18 01:21:44.744314]: text loss 2.0275 | 32600/ 3572 batches
[2023-05-18 01:22:42.163354]: text loss 2.0090 | 32800/ 3572 batches
[2023-05-18 01:23:39.570845]: text loss 2.0166 | 33000/ 3572 batches
[2023-05-18 01:24:36.776732]: text loss 2.0133 | 33200/ 3572 batches
[2023-05-18 01:25:34.403692]: text loss 2.0210 | 33400/ 3572 batches
[2023-05-18 01:26:31.878574]: text loss 2.0152 | 33600/ 3572 batches
[2023-05-18 01:27:29.361359]: text loss 2.0230 | 33800/ 3572 batches
[2023-05-18 01:28:27.641718]: text loss 2.0169 | 34000/ 3572 batches
[2023-05-18 01:29:25.360040]: text loss 1.9992 | 34200/ 3572 batches
[2023-05-18 01:30:22.300883]: text loss 2.0106 | 34400/ 3572 batches
[2023-05-18 01:31:19.987874]: text loss 2.0197 | 34600/ 3572 batches
[2023-05-18 01:32:17.332773]: text loss 2.0011 | 34800/ 3572 batches
[2023-05-18 01:33:13.842944]: text loss 2.0090 | 35000/ 3572 batches
[2023-05-18 01:34:10.731318]: text loss 1.9950 | 35200/ 3572 batches
[2023-05-18 01:35:07.512045]: text loss 2.0083 | 35400/ 3572 batches
[2023-05-18 01:36:04.767633]: text loss 2.0125 | 35600/ 3572 batches
[2023-05-18 01:36:39.037162]: text loss 2.0013 | 35720/ 3572 batches
[2023-05-18 01:36:39.038106]: validation
[2023-05-18 01:36:45.406916]: explanation loss 2.4949
[2023-05-18 01:37:13.809541]: sequential loss 2.2947
[2023-05-18 01:40:05.299754]: top-N loss 1.2946
[2023-05-18 01:40:05.300088]: total loss 2.0281
[2023-05-18 01:40:06.124316]: epoch 11
[2023-05-18 01:40:29.309057]: text loss 1.9959 | 35800/ 3572 batches
[2023-05-18 01:41:26.663927]: text loss 1.9979 | 36000/ 3572 batches
[2023-05-18 01:42:23.315313]: text loss 2.0145 | 36200/ 3572 batches
[2023-05-18 01:43:20.647727]: text loss 2.0190 | 36400/ 3572 batches
[2023-05-18 01:44:17.753837]: text loss 2.0157 | 36600/ 3572 batches
[2023-05-18 01:45:14.662386]: text loss 2.0096 | 36800/ 3572 batches
[2023-05-18 01:46:11.953009]: text loss 1.9933 | 37000/ 3572 batches
[2023-05-18 01:47:09.008899]: text loss 1.9780 | 37200/ 3572 batches
[2023-05-18 01:48:05.556605]: text loss 1.9829 | 37400/ 3572 batches
[2023-05-18 01:49:02.682724]: text loss 1.9785 | 37600/ 3572 batches
[2023-05-18 01:49:59.961820]: text loss 1.9897 | 37800/ 3572 batches
[2023-05-18 01:50:56.675120]: text loss 1.9854 | 38000/ 3572 batches
[2023-05-18 01:51:54.094390]: text loss 1.9919 | 38200/ 3572 batches
[2023-05-18 01:52:52.047734]: text loss 1.9876 | 38400/ 3572 batches
[2023-05-18 01:53:48.825455]: text loss 1.9757 | 38600/ 3572 batches
[2023-05-18 01:54:46.302800]: text loss 1.9877 | 38800/ 3572 batches
[2023-05-18 01:55:43.648829]: text loss 1.9739 | 39000/ 3572 batches
[2023-05-18 01:56:40.404857]: text loss 1.9830 | 39200/ 3572 batches
[2023-05-18 01:57:06.994885]: text loss 1.9691 | 39292/ 3572 batches
[2023-05-18 01:57:06.995642]: validation
[2023-05-18 01:57:13.321617]: explanation loss 2.5018
[2023-05-18 01:57:41.130753]: sequential loss 2.2943
[2023-05-18 02:00:29.996231]: top-N loss 1.2866
[2023-05-18 02:00:29.996584]: total loss 2.0276
[2023-05-18 02:00:30.821029]: epoch 12
[2023-05-18 02:01:01.339605]: text loss 1.9875 | 39400/ 3572 batches
[2023-05-18 02:01:58.438196]: text loss 1.9851 | 39600/ 3572 batches
[2023-05-18 02:02:55.133343]: text loss 2.0015 | 39800/ 3572 batches
[2023-05-18 02:03:53.020701]: text loss 1.9862 | 40000/ 3572 batches
[2023-05-18 02:04:50.509301]: text loss 1.9845 | 40200/ 3572 batches
[2023-05-18 02:05:47.307871]: text loss 1.9856 | 40400/ 3572 batches
[2023-05-18 02:06:43.860672]: text loss 1.9806 | 40600/ 3572 batches
[2023-05-18 02:07:41.121775]: text loss 1.9700 | 40800/ 3572 batches
[2023-05-18 02:08:37.705440]: text loss 1.9827 | 41000/ 3572 batches
[2023-05-18 02:09:34.534648]: text loss 1.9804 | 41200/ 3572 batches
[2023-05-18 02:10:31.472193]: text loss 1.9777 | 41400/ 3572 batches
[2023-05-18 02:11:28.196895]: text loss 1.9847 | 41600/ 3572 batches
[2023-05-18 02:12:25.166566]: text loss 1.9817 | 41800/ 3572 batches
[2023-05-18 02:13:22.309628]: text loss 1.9769 | 42000/ 3572 batches
[2023-05-18 02:14:19.652132]: text loss 1.9785 | 42200/ 3572 batches
[2023-05-18 02:15:16.991343]: text loss 1.9835 | 42400/ 3572 batches
[2023-05-18 02:16:14.933602]: text loss 1.9758 | 42600/ 3572 batches
[2023-05-18 02:17:12.306232]: text loss 1.9834 | 42800/ 3572 batches
[2023-05-18 02:17:30.811464]: text loss 1.9681 | 42864/ 3572 batches
[2023-05-18 02:17:30.812671]: validation
[2023-05-18 02:17:37.165351]: explanation loss 2.4917
[2023-05-18 02:18:04.904076]: sequential loss 2.2858
[2023-05-18 02:20:53.853991]: top-N loss 1.2743
[2023-05-18 02:20:53.854375]: total loss 2.0173
[2023-05-18 02:20:54.650590]: epoch 13
[2023-05-18 02:21:32.867540]: text loss 1.9796 | 43000/ 3572 batches
[2023-05-18 02:22:29.792372]: text loss 1.9859 | 43200/ 3572 batches
[2023-05-18 02:23:26.469058]: text loss 1.9901 | 43400/ 3572 batches
[2023-05-18 02:24:23.563051]: text loss 1.9862 | 43600/ 3572 batches
[2023-05-18 02:25:20.517930]: text loss 1.9796 | 43800/ 3572 batches
[2023-05-18 02:26:17.077630]: text loss 1.9800 | 44000/ 3572 batches
[2023-05-18 02:27:14.276827]: text loss 1.9859 | 44200/ 3572 batches
[2023-05-18 02:28:11.673867]: text loss 1.9604 | 44400/ 3572 batches
[2023-05-18 02:29:08.763578]: text loss 1.9672 | 44600/ 3572 batches
[2023-05-18 02:30:05.639814]: text loss 1.9570 | 44800/ 3572 batches
[2023-05-18 02:31:02.590627]: text loss 1.9529 | 45000/ 3572 batches
[2023-05-18 02:31:59.355151]: text loss 1.9492 | 45200/ 3572 batches
[2023-05-18 02:32:56.533566]: text loss 1.9394 | 45400/ 3572 batches
[2023-05-18 02:33:53.677680]: text loss 1.9500 | 45600/ 3572 batches
[2023-05-18 02:34:50.045656]: text loss 1.9457 | 45800/ 3572 batches
[2023-05-18 02:35:47.506860]: text loss 1.9533 | 46000/ 3572 batches
[2023-05-18 02:36:44.401934]: text loss 1.9583 | 46200/ 3572 batches
[2023-05-18 02:37:41.466511]: text loss 1.9706 | 46400/ 3572 batches
[2023-05-18 02:37:51.867923]: text loss 1.9911 | 46436/ 3572 batches
[2023-05-18 02:37:51.869078]: validation
[2023-05-18 02:37:58.195227]: explanation loss 2.4933
[2023-05-18 02:38:25.871523]: sequential loss 2.2773
[2023-05-18 02:41:17.128788]: top-N loss 1.2529
[2023-05-18 02:41:17.129214]: total loss 2.0078
[2023-05-18 02:41:17.940101]: epoch 14
[2023-05-18 02:42:04.510359]: text loss 1.9462 | 46600/ 3572 batches
[2023-05-18 02:43:01.637929]: text loss 1.9399 | 46800/ 3572 batches
[2023-05-18 02:43:58.044341]: text loss 1.9523 | 47000/ 3572 batches
[2023-05-18 02:44:55.103743]: text loss 1.9473 | 47200/ 3572 batches
[2023-05-18 02:45:51.933845]: text loss 1.9502 | 47400/ 3572 batches
[2023-05-18 02:46:48.281549]: text loss 1.9513 | 47600/ 3572 batches
[2023-05-18 02:47:45.571663]: text loss 1.9691 | 47800/ 3572 batches
[2023-05-18 02:48:42.763335]: text loss 1.9724 | 48000/ 3572 batches
[2023-05-18 02:49:39.379345]: text loss 1.9611 | 48200/ 3572 batches
[2023-05-18 02:50:36.446723]: text loss 1.9586 | 48400/ 3572 batches
[2023-05-18 02:51:33.622563]: text loss 1.9305 | 48600/ 3572 batches
[2023-05-18 02:52:30.344625]: text loss 1.9608 | 48800/ 3572 batches
[2023-05-18 02:53:28.147079]: text loss 1.9441 | 49000/ 3572 batches
[2023-05-18 02:54:26.995615]: text loss 1.9459 | 49200/ 3572 batches
[2023-05-18 02:55:25.071815]: text loss 1.9569 | 49400/ 3572 batches
[2023-05-18 02:56:22.780253]: text loss 1.9507 | 49600/ 3572 batches
[2023-05-18 02:57:21.574168]: text loss 1.9504 | 49800/ 3572 batches
[2023-05-18 02:58:19.430899]: text loss 1.9656 | 50000/ 3572 batches
[2023-05-18 02:58:21.926255]: text loss 1.9521 | 50008/ 3572 batches
[2023-05-18 02:58:21.927097]: validation
[2023-05-18 02:58:28.331913]: explanation loss 2.4872
[2023-05-18 02:58:55.918964]: sequential loss 2.2718
[2023-05-18 03:01:43.476533]: top-N loss 1.2534
[2023-05-18 03:01:43.476829]: total loss 2.0041
[2023-05-18 03:01:44.252265]: epoch 15
[2023-05-18 03:02:39.997521]: text loss 1.9451 | 50200/ 3572 batches
[2023-05-18 03:03:39.122534]: text loss 1.9314 | 50400/ 3572 batches
[2023-05-18 03:04:36.951956]: text loss 1.9449 | 50600/ 3572 batches
[2023-05-18 03:05:34.600112]: text loss 1.9520 | 50800/ 3572 batches
[2023-05-18 03:06:33.387325]: text loss 1.9541 | 51000/ 3572 batches
[2023-05-18 03:07:31.405663]: text loss 1.9572 | 51200/ 3572 batches
[2023-05-18 03:08:28.279263]: text loss 1.9393 | 51400/ 3572 batches
[2023-05-18 03:09:25.262136]: text loss 1.9478 | 51600/ 3572 batches
[2023-05-18 03:10:21.585232]: text loss 1.9299 | 51800/ 3572 batches
[2023-05-18 03:11:18.497904]: text loss 1.9130 | 52000/ 3572 batches
[2023-05-18 03:12:15.164457]: text loss 1.9065 | 52200/ 3572 batches
[2023-05-18 03:13:11.179359]: text loss 1.9284 | 52400/ 3572 batches
[2023-05-18 03:14:07.684815]: text loss 1.9131 | 52600/ 3572 batches
[2023-05-18 03:15:03.764097]: text loss 1.9199 | 52800/ 3572 batches
[2023-05-18 03:16:00.714194]: text loss 1.9307 | 53000/ 3572 batches
[2023-05-18 03:16:57.546797]: text loss 1.9202 | 53200/ 3572 batches
[2023-05-18 03:17:54.322676]: text loss 1.9228 | 53400/ 3572 batches
[2023-05-18 03:18:45.228465]: text loss 1.9180 | 53580/ 3572 batches
[2023-05-18 03:18:45.229780]: validation
[2023-05-18 03:18:51.562822]: explanation loss 2.4917
[2023-05-18 03:19:18.545145]: sequential loss 2.2795
[2023-05-18 03:22:02.210920]: top-N loss 1.2446
[2023-05-18 03:22:02.211259]: total loss 2.0053
[2023-05-18 03:22:02.211288]: Endured 1 time(s)
[2023-05-18 03:22:02.211307]: epoch 16
[2023-05-18 03:22:07.470533]: text loss 1.9507 | 53600/ 3572 batches
[2023-05-18 03:23:03.939878]: text loss 1.9352 | 53800/ 3572 batches
[2023-05-18 03:24:00.684949]: text loss 1.9169 | 54000/ 3572 batches
[2023-05-18 03:24:56.941605]: text loss 1.9181 | 54200/ 3572 batches
[2023-05-18 03:25:53.591532]: text loss 1.9283 | 54400/ 3572 batches
[2023-05-18 03:26:50.054545]: text loss 1.9243 | 54600/ 3572 batches
[2023-05-18 03:27:46.058509]: text loss 1.9285 | 54800/ 3572 batches
[2023-05-18 03:28:42.576993]: text loss 1.9236 | 55000/ 3572 batches
[2023-05-18 03:29:38.856213]: text loss 1.9070 | 55200/ 3572 batches
[2023-05-18 03:30:34.689897]: text loss 1.9140 | 55400/ 3572 batches
[2023-05-18 03:31:31.234858]: text loss 1.9228 | 55600/ 3572 batches
[2023-05-18 03:32:27.819400]: text loss 1.9259 | 55800/ 3572 batches
[2023-05-18 03:33:23.949068]: text loss 1.9222 | 56000/ 3572 batches
[2023-05-18 03:34:20.456394]: text loss 1.9219 | 56200/ 3572 batches
[2023-05-18 03:35:16.851125]: text loss 1.9304 | 56400/ 3572 batches
[2023-05-18 03:36:13.232792]: text loss 1.9310 | 56600/ 3572 batches
[2023-05-18 03:37:09.813547]: text loss 1.9279 | 56800/ 3572 batches
[2023-05-18 03:38:06.429178]: text loss 1.9136 | 57000/ 3572 batches
[2023-05-18 03:38:49.172573]: text loss 1.9302 | 57152/ 3572 batches
[2023-05-18 03:38:49.173911]: validation
[2023-05-18 03:38:55.525087]: explanation loss 2.4865
[2023-05-18 03:39:22.787155]: sequential loss 2.2844
[2023-05-18 03:42:07.102754]: top-N loss 1.2435
[2023-05-18 03:42:07.103162]: total loss 2.0048
[2023-05-18 03:42:07.103183]: Endured 2 time(s)
[2023-05-18 03:42:07.103196]: epoch 17
[2023-05-18 03:42:20.525134]: text loss 1.9091 | 57200/ 3572 batches
[2023-05-18 03:43:16.883514]: text loss 1.9261 | 57400/ 3572 batches
[2023-05-18 03:44:13.328303]: text loss 1.9163 | 57600/ 3572 batches
[2023-05-18 03:45:09.344400]: text loss 1.9207 | 57800/ 3572 batches
[2023-05-18 03:46:05.978001]: text loss 1.9115 | 58000/ 3572 batches
[2023-05-18 03:47:02.323068]: text loss 1.9122 | 58200/ 3572 batches
[2023-05-18 03:47:58.307951]: text loss 1.9320 | 58400/ 3572 batches
[2023-05-18 03:48:55.418289]: text loss 1.9168 | 58600/ 3572 batches
[2023-05-18 03:49:53.803441]: text loss 1.9115 | 58800/ 3572 batches
[2023-05-18 03:50:51.572514]: text loss 1.9204 | 59000/ 3572 batches
[2023-05-18 03:51:49.962202]: text loss 1.8802 | 59200/ 3572 batches
[2023-05-18 03:52:48.658937]: text loss 1.8994 | 59400/ 3572 batches
[2023-05-18 03:53:46.945286]: text loss 1.9019 | 59600/ 3572 batches
[2023-05-18 03:54:45.084256]: text loss 1.8984 | 59800/ 3572 batches
[2023-05-18 03:55:44.993611]: text loss 1.8919 | 60000/ 3572 batches
[2023-05-18 03:56:44.497607]: text loss 1.8898 | 60200/ 3572 batches
[2023-05-18 03:57:44.981319]: text loss 1.8946 | 60400/ 3572 batches
[2023-05-18 03:58:44.653788]: text loss 1.8877 | 60600/ 3572 batches
[2023-05-18 03:59:21.253034]: text loss 1.9086 | 60724/ 3572 batches
[2023-05-18 03:59:21.254614]: validation
[2023-05-18 03:59:27.676132]: explanation loss 2.4893
[2023-05-18 03:59:55.410237]: sequential loss 2.2772
[2023-05-18 04:02:43.453791]: top-N loss 1.2347
[2023-05-18 04:02:43.454153]: total loss 2.0004
[2023-05-18 04:02:44.248762]: epoch 18
[2023-05-18 04:03:06.745294]: text loss 1.8892 | 60800/ 3572 batches
[2023-05-18 04:04:05.833377]: text loss 1.8905 | 61000/ 3572 batches
[2023-05-18 04:05:05.211809]: text loss 1.8963 | 61200/ 3572 batches
[2023-05-18 04:06:03.868825]: text loss 1.8950 | 61400/ 3572 batches
[2023-05-18 04:07:03.144787]: text loss 1.9029 | 61600/ 3572 batches
[2023-05-18 04:08:00.839441]: text loss 1.8765 | 61800/ 3572 batches
[2023-05-18 04:08:57.196377]: text loss 1.8982 | 62000/ 3572 batches
[2023-05-18 04:09:54.834899]: text loss 1.8954 | 62200/ 3572 batches
[2023-05-18 04:10:52.902673]: text loss 1.8947 | 62400/ 3572 batches
[2023-05-18 04:11:50.258212]: text loss 1.8988 | 62600/ 3572 batches
[2023-05-18 04:12:49.157726]: text loss 1.8943 | 62800/ 3572 batches
[2023-05-18 04:13:47.290773]: text loss 1.8903 | 63000/ 3572 batches
[2023-05-18 04:14:44.330631]: text loss 1.8902 | 63200/ 3572 batches
[2023-05-18 04:15:41.976968]: text loss 1.8932 | 63400/ 3572 batches
[2023-05-18 04:16:39.569269]: text loss 1.8747 | 63600/ 3572 batches
[2023-05-18 04:17:36.905976]: text loss 1.8906 | 63800/ 3572 batches
[2023-05-18 04:18:34.839168]: text loss 1.8833 | 64000/ 3572 batches
[2023-05-18 04:19:32.220987]: text loss 1.8863 | 64200/ 3572 batches
[2023-05-18 04:19:59.950968]: text loss 1.8906 | 64296/ 3572 batches
[2023-05-18 04:19:59.952428]: validation
[2023-05-18 04:20:06.313051]: explanation loss 2.4866
[2023-05-18 04:20:34.032877]: sequential loss 2.2750
[2023-05-18 04:23:19.081488]: top-N loss 1.2282
[2023-05-18 04:23:19.081768]: total loss 1.9966
[2023-05-18 04:23:19.844971]: epoch 19
[2023-05-18 04:23:49.447746]: text loss 1.9059 | 64400/ 3572 batches
[2023-05-18 04:24:47.809540]: text loss 1.8945 | 64600/ 3572 batches
[2023-05-18 04:25:44.466827]: text loss 1.8939 | 64800/ 3572 batches
[2023-05-18 04:26:40.590630]: text loss 1.8927 | 65000/ 3572 batches
[2023-05-18 04:27:37.239798]: text loss 1.8618 | 65200/ 3572 batches
[2023-05-18 04:28:34.453507]: text loss 1.8742 | 65400/ 3572 batches
[2023-05-18 04:29:32.139264]: text loss 1.8710 | 65600/ 3572 batches
[2023-05-18 04:30:30.373629]: text loss 1.8920 | 65800/ 3572 batches
[2023-05-18 04:31:29.928118]: text loss 1.8791 | 66000/ 3572 batches
[2023-05-18 04:32:28.522639]: text loss 1.8995 | 66200/ 3572 batches
[2023-05-18 04:33:26.577828]: text loss 1.8846 | 66400/ 3572 batches
[2023-05-18 04:34:25.133020]: text loss 1.8662 | 66600/ 3572 batches
[2023-05-18 04:35:23.485111]: text loss 1.8578 | 66800/ 3572 batches
[2023-05-18 04:36:22.182016]: text loss 1.8408 | 67000/ 3572 batches
[2023-05-18 04:37:21.411964]: text loss 1.8640 | 67200/ 3572 batches
[2023-05-18 04:38:19.574131]: text loss 1.8518 | 67400/ 3572 batches
[2023-05-18 04:39:17.686566]: text loss 1.8633 | 67600/ 3572 batches
[2023-05-18 04:40:16.366864]: text loss 1.8662 | 67800/ 3572 batches
[2023-05-18 04:40:36.046093]: text loss 1.8714 | 67868/ 3572 batches
[2023-05-18 04:40:36.047373]: validation
[2023-05-18 04:40:42.456810]: explanation loss 2.4917
[2023-05-18 04:41:10.047335]: sequential loss 2.2807
[2023-05-18 04:43:55.592318]: top-N loss 1.2166
[2023-05-18 04:43:55.592739]: total loss 1.9963
[2023-05-18 04:43:56.545621]: epoch 20
[2023-05-18 04:44:33.987706]: text loss 1.8473 | 68000/ 3572 batches
[2023-05-18 04:45:32.915552]: text loss 1.8719 | 68200/ 3572 batches
[2023-05-18 04:46:31.308901]: text loss 1.8467 | 68400/ 3572 batches
[2023-05-18 04:47:28.228394]: text loss 1.8624 | 68600/ 3572 batches
[2023-05-18 04:48:25.537542]: text loss 1.8561 | 68800/ 3572 batches
[2023-05-18 04:49:22.609076]: text loss 1.8586 | 69000/ 3572 batches
[2023-05-18 04:50:20.073882]: text loss 1.8654 | 69200/ 3572 batches
[2023-05-18 04:51:17.287546]: text loss 1.8551 | 69400/ 3572 batches
[2023-05-18 04:52:14.867058]: text loss 1.8585 | 69600/ 3572 batches
[2023-05-18 04:53:12.999758]: text loss 1.8669 | 69800/ 3572 batches
[2023-05-18 04:54:11.211754]: text loss 1.8700 | 70000/ 3572 batches
[2023-05-18 04:55:09.785130]: text loss 1.8583 | 70200/ 3572 batches
[2023-05-18 04:56:08.920432]: text loss 1.8486 | 70400/ 3572 batches
[2023-05-18 04:57:05.884465]: text loss 1.8628 | 70600/ 3572 batches
[2023-05-18 04:58:03.284324]: text loss 1.8537 | 70800/ 3572 batches
[2023-05-18 04:59:00.759325]: text loss 1.8695 | 71000/ 3572 batches
[2023-05-18 04:59:59.298369]: text loss 1.8544 | 71200/ 3572 batches
[2023-05-18 05:00:57.616750]: text loss 1.8684 | 71400/ 3572 batches
[2023-05-18 05:01:09.073956]: text loss 1.8928 | 71440/ 3572 batches
[2023-05-18 05:01:09.074843]: validation
[2023-05-18 05:01:15.456101]: explanation loss 2.4876
[2023-05-18 05:01:42.381363]: sequential loss 2.2880
[2023-05-18 05:04:27.256672]: top-N loss 1.2236
[2023-05-18 05:04:27.256986]: total loss 1.9997
[2023-05-18 05:04:27.257008]: Endured 3 time(s)
[2023-05-18 05:04:27.257020]: epoch 21
[2023-05-18 05:05:13.519985]: text loss 1.8783 | 71600/ 3572 batches
[2023-05-18 05:06:11.799319]: text loss 1.8627 | 71800/ 3572 batches
[2023-05-18 05:07:09.173697]: text loss 1.8352 | 72000/ 3572 batches
[2023-05-18 05:08:06.271008]: text loss 1.8523 | 72200/ 3572 batches
[2023-05-18 05:09:03.625779]: text loss 1.8575 | 72400/ 3572 batches
[2023-05-18 05:10:01.185066]: text loss 1.8558 | 72600/ 3572 batches
[2023-05-18 05:10:57.868449]: text loss 1.8736 | 72800/ 3572 batches
[2023-05-18 05:11:54.697780]: text loss 1.8645 | 73000/ 3572 batches
[2023-05-18 05:12:51.910868]: text loss 1.8636 | 73200/ 3572 batches
[2023-05-18 05:13:48.864719]: text loss 1.8551 | 73400/ 3572 batches
[2023-05-18 05:14:46.461115]: text loss 1.8393 | 73600/ 3572 batches
[2023-05-18 05:15:43.756721]: text loss 1.8579 | 73800/ 3572 batches
[2023-05-18 05:16:40.982772]: text loss 1.8337 | 74000/ 3572 batches
[2023-05-18 05:17:38.656529]: text loss 1.8247 | 74200/ 3572 batches
[2023-05-18 05:18:35.572468]: text loss 1.8317 | 74400/ 3572 batches
[2023-05-18 05:19:32.522415]: text loss 1.8304 | 74600/ 3572 batches
[2023-05-18 05:20:29.825019]: text loss 1.8339 | 74800/ 3572 batches
[2023-05-18 05:21:26.128400]: text loss 1.8424 | 75000/ 3572 batches
[2023-05-18 05:21:29.443207]: text loss 1.8304 | 75012/ 3572 batches
[2023-05-18 05:21:29.443957]: validation
[2023-05-18 05:21:35.800412]: explanation loss 2.4955
[2023-05-18 05:22:02.442690]: sequential loss 2.2999
[2023-05-18 05:24:44.922043]: top-N loss 1.2193
[2023-05-18 05:24:44.922299]: total loss 2.0049
[2023-05-18 05:24:44.922320]: Endured 4 time(s)
[2023-05-18 05:24:44.922331]: epoch 22
[2023-05-18 05:25:38.793044]: text loss 1.8250 | 75200/ 3572 batches
[2023-05-18 05:26:36.423829]: text loss 1.8239 | 75400/ 3572 batches
[2023-05-18 05:27:34.665219]: text loss 1.8191 | 75600/ 3572 batches
[2023-05-18 05:28:32.558559]: text loss 1.8286 | 75800/ 3572 batches
[2023-05-18 05:29:31.466511]: text loss 1.8400 | 76000/ 3572 batches
[2023-05-18 05:30:28.758909]: text loss 1.8305 | 76200/ 3572 batches
[2023-05-18 05:31:26.937622]: text loss 1.8382 | 76400/ 3572 batches
[2023-05-18 05:32:25.682511]: text loss 1.8313 | 76600/ 3572 batches
[2023-05-18 05:33:23.449858]: text loss 1.8258 | 76800/ 3572 batches
[2023-05-18 05:34:19.568078]: text loss 1.8199 | 77000/ 3572 batches
[2023-05-18 05:35:16.521004]: text loss 1.8056 | 77200/ 3572 batches
[2023-05-18 05:36:13.646650]: text loss 1.8332 | 77400/ 3572 batches
[2023-05-18 05:37:10.898462]: text loss 1.8230 | 77600/ 3572 batches
[2023-05-18 05:38:08.408369]: text loss 1.8282 | 77800/ 3572 batches
[2023-05-18 05:39:05.234030]: text loss 1.8366 | 78000/ 3572 batches
[2023-05-18 05:40:01.530282]: text loss 1.8376 | 78200/ 3572 batches
[2023-05-18 05:40:59.093949]: text loss 1.8308 | 78400/ 3572 batches
[2023-05-18 05:41:51.856145]: text loss 1.8302 | 78584/ 3572 batches
[2023-05-18 05:41:51.857293]: validation
[2023-05-18 05:41:58.222022]: explanation loss 2.4863
[2023-05-18 05:42:25.349433]: sequential loss 2.3201
[2023-05-18 05:45:09.374798]: top-N loss 1.2182
[2023-05-18 05:45:09.375093]: total loss 2.0082
[2023-05-18 05:45:09.375113]: Endured 5 time(s)
[2023-05-18 05:45:09.375124]: Cannot endure it anymore | Exiting from early stop
----------------------------------------ARGUMENTS----------------------------------------
data_dir                                 ./data/sports/
model_version                            0
batch_size                               32
cuda                                     True
checkpoint                               ./checkpoint/sports/
seq_len                                  50
num_beams                                20
top_n                                    10
----------------------------------------ARGUMENTS----------------------------------------
[2023-05-18 05:56:25.952351]: Loading data
[2023-05-18 05:56:52.458431]: Generating recommendations
[2023-05-18 06:19:14.136735]: HR@1  0.0296
[2023-05-18 06:19:14.156864]: NDCG@1  0.0296
[2023-05-18 06:19:14.175404]: HR@5  0.0496
[2023-05-18 06:19:14.200280]: NDCG@5  0.0396
[2023-05-18 06:19:14.222184]: HR@10  0.0576
[2023-05-18 06:19:14.252779]: NDCG@10  0.0419
----------------------------------------ARGUMENTS----------------------------------------
data_dir                                 ./data/sports/
model_version                            0
batch_size                               32
cuda                                     True
checkpoint                               ./checkpoint/sports/
negative_num                             99
seq_len                                  50
num_beams                                20
top_n                                    10
----------------------------------------ARGUMENTS----------------------------------------
[2023-05-18 06:19:15.925887]: Loading data
[2023-05-18 06:19:41.296353]: Generating recommendations
[2023-05-18 07:07:43.188901]: HR@1  0.0895
[2023-05-18 07:07:43.210644]: NDCG@1  0.0895
[2023-05-18 07:07:43.229206]: HR@5  0.2086
[2023-05-18 07:07:43.255507]: NDCG@5  0.1506
[2023-05-18 07:07:43.277857]: HR@10  0.2873
[2023-05-18 07:07:43.310507]: NDCG@10  0.1756
----------------------------------------ARGUMENTS----------------------------------------
data_dir                                 ./data/sports/
model_version                            0
batch_size                               32
cuda                                     True
checkpoint                               ./checkpoint/sports/
outf                                     generated.txt
exp_len                                  20
----------------------------------------ARGUMENTS----------------------------------------
[2023-05-21 01:00:23.594933]: Loading data
[2023-05-21 01:00:34.448729]: Generating text
[2023-05-21 01:15:20.366289]: BLEU-1 11.2419
[2023-05-21 01:15:21.769175]: BLEU-4  1.0013
[2023-05-21 01:15:23.400793]: rouge_1/f_score 14.0168
[2023-05-21 01:15:23.401147]: rouge_1/r_score 13.8424
[2023-05-21 01:15:23.401166]: rouge_1/p_score 16.2514
[2023-05-21 01:15:23.401176]: rouge_2/f_score  2.0436
[2023-05-21 01:15:23.401186]: rouge_2/r_score  2.2995
[2023-05-21 01:15:23.401196]: rouge_2/p_score  2.2231
[2023-05-21 01:15:23.401205]: rouge_l/f_score 11.1236
[2023-05-21 01:15:23.401214]: rouge_l/r_score 12.2895
[2023-05-21 01:15:23.401223]: rouge_l/p_score 14.5192
[2023-05-21 01:15:23.415539]: Generated text saved to (./checkpoint/sports/generated.txt)
